2018-09-25
Dando o pull.. 
From https://github.com/TopZeraProductions/DEVOPS
 * branch            master     -> FETCH_HEAD
Already up to date.
Status.. 
No ramo master
Your branch is up to date with 'origin/master'.

Changes not staged for commit:
  (utilize "git add/rm <arquivo>..." para atualizar o que será submetido)
  (utilize "git checkout -- <arquivo>..." para descartar mudanças no diretório de trabalho)

	deleted:    ../ACDEVOPS.zip
	deleted:    ../DR1986.md
	deleted:    ../Notim.md
	deleted:    ../README.md
	deleted:    ../RamonCP.md
	deleted:    ../ultramari.md

Arquivos não monitorados:
  (utilize "git add <arquivo>..." para incluir o que será submetido)

	./

nenhuma modificação adicionada à submissão (utilize "git add" e/ou "git commit -a")
Add to stage area.. 
